00:00:00.009930 main     VirtualBox COM Server 6.1.38 r153438 win.amd64 (Sep  1 2022 14:20:23) release log
00:00:00.009939 main     Log opened 2022-09-27T10:07:22.020583100Z
00:00:00.009941 main     Build Type: release
00:00:00.009952 main     OS Product: Windows 11
00:00:00.009955 main     OS Release: 10.0.22000
00:00:00.009957 main     OS Service Pack: 
00:00:00.149855 main     DMI Product Name: VivoBook_ASUSLaptop X515EA_V5200EA
00:00:00.166411 main     DMI Product Version: 1.0       
00:00:00.166420 main     Firmware type: UEFI
00:00:00.166802 main     Secure Boot: VERR_PRIVILEGE_NOT_HELD
00:00:00.169647 main     Host RAM: 16078MB (15.7GB) total, 2015MB available
00:00:00.169654 main     Executable: C:\Program Files\Oracle\VirtualBox\VBoxSVC.exe
00:00:00.169655 main     Process ID: 32832
00:00:00.169655 main     Package type: WINDOWS_64BITS_GENERIC
00:00:00.357814          VirtualBox: object creation starts
00:00:00.359566          Home directory: 'C:\Users\86158\.VirtualBox'
00:00:00.360392          Installed Drivers:
00:00:00.375457            C:\WINDOWS\system32\DRIVERS\VBoxSup.sys (Version: 6.1.38.3438)
00:00:00.377955            C:\WINDOWS\system32\DRIVERS\VBoxUSBMon.sys (Version: 6.1.38.3438)
00:00:00.380275            C:\WINDOWS\system32\DRIVERS\VBoxNetAdp6.sys (Version: 6.1.38.3438)
00:00:00.383129            C:\WINDOWS\system32\DRIVERS\VBoxNetLwf.sys (Version: 6.1.38.3438)
00:00:00.406540          Loading settings file "C:\Users\86158\.VirtualBox\VirtualBox.xml" with version "1.12-windows"
00:00:00.456253          usbLibGetDevices: Starting USB device enumeration
00:00:00.457982          Getting USB descriptor (id 0) failed (dwErr=31) on hub USB#ROOT_HUB30#4&22224d6e&0&0#{f18a0e88-c30c-11d0-8815-00a0c906bed8} port 3
00:00:00.458083          Getting USB descriptor (id 0) failed (dwErr=31) on hub USB#ROOT_HUB30#4&22224d6e&0&0#{f18a0e88-c30c-11d0-8815-00a0c906bed8} port 10
00:00:00.460466          usbLibGetDevices: Found 3 USB devices, 0 captured
00:00:00.462630          USB: Unknown USB device detected (idVendor: 0x13d3, idProduct: 0x3557)
00:00:00.463530          USB: Unknown USB device detected (idVendor: 0x1ea7, idProduct: 0x0064)
00:00:00.463551          USB: Unknown USB device detected (idVendor: 0x322e, idProduct: 0x2103)
00:00:00.509214          netIfIsWireless: CreateFile on '\\.\{3A99C41A-E52B-4B85-911F-3238EE727A37}' failed with rcWin=2 (0x2) - ignoring
00:00:00.514785          HostDnsMonitor: initializing
00:00:00.521221          HostDnsMonitor: updating information
00:00:00.521672          HostDnsMonitor: old information
00:00:00.521674            no server entries
00:00:00.521675            no domain set
00:00:00.521676            no search string entries
00:00:00.521677          HostDnsMonitor: new information
00:00:00.521677            server 1: 192.168.1.1
00:00:00.521678            no domain set
00:00:00.521678            no search string entries
00:00:00.561708          VD: VDInit finished with VINF_SUCCESS
00:00:00.583337          Loading settings file "C:\Users\86158\VirtualBox VMs\www\www.vbox" with version "1.16-windows"
00:00:00.604379          Loading settings file "C:\Users\86158\VirtualBox VMs\rot\rot.vbox" with version "1.16-windows"
00:00:00.619810          Loading settings file "C:\Users\86158\VirtualBox VMs\yyy\yyy.vbox" with version "1.16-windows"
00:00:00.632553          Loading settings file "C:\Users\86158\VirtualBox VMs\r1\r1.vbox" with version "1.16-windows"
00:00:00.634849          VirtualBox: object created
00:00:04.755220          Saving settings file "C:\Users\86158\.VirtualBox\VirtualBox.xml" with version "1.12-windows"
00:00:04.773915          Saving settings file "C:\Users\86158\.VirtualBox\VirtualBox.xml" with version "1.12-windows"
00:00:05.222837          Launched VM: 69413008 pid: 14628 (0x3924) frontend: GUI/Qt name: rot
00:00:19.518811          ERROR [COM]: aRC=VBOX_E_OBJECT_NOT_FOUND (0x80bb0001) aIID={70401eef-c8e9-466b-9660-45cb3e9979e4} aComponent={ExtPackManagerWrap} aText={No extension pack by the name 'Oracle VM VirtualBox Extension Pack' was found}, preserve=false aResultDetail=0
00:00:20.110213          ERROR [COM]: aRC=VBOX_E_IPRT_ERROR (0x80bb0005) aIID={85632c68-b5bb-4316-a900-5eb28d3413df} aComponent={SessionMachine} aText={Saved screenshot data is not available (VERR_NOT_SUPPORTED)}, preserve=false aResultDetail=-37
00:00:20.355310          netIfIsWireless: CreateFile on '\\.\{3A99C41A-E52B-4B85-911F-3238EE727A37}' failed with rcWin=2 (0x2) - ignoring
00:00:21.084237          Saving settings file "C:\Users\86158\VirtualBox VMs\rot\rot.vbox" with version "1.16-windows"
00:00:21.679146          netIfIsWireless: CreateFile on '\\.\{3A99C41A-E52B-4B85-911F-3238EE727A37}' failed with rcWin=2 (0x2) - ignoring
