VirtualBox COM Server 5.2.30 r130462 win.amd64 (Aug 12 2019 20:04:12) release log
00:00:00.006609 main     Log opened 2022-05-22T06:39:57.285831800Z
00:00:00.006609 main     Build Type: release
00:00:00.006609 main     OS Product: Windows 10
00:00:00.006609 main     OS Release: 10.0.22000
00:00:00.006609 main     OS Service Pack: 
00:00:00.127901 main     DMI Product Name: VivoBook_ASUSLaptop X515EA_V5200EA
00:00:00.145450 main     DMI Product Version: 1.0       
00:00:00.145450 main     Host RAM: 16078MB (15.7GB) total, 10688MB (10.4GB) available
00:00:00.145450 main     Executable: C:\Program Files\ldplayerbox\LdVBoxSVC.exe
00:00:00.145450 main     Process ID: 7872
00:00:00.145450 main     Package type: WINDOWS_64BITS_GENERIC (OSE)
00:00:00.414034          VirtualBox: object creation starts
00:00:00.414579          Home directory: 'C:\Users\86158\.Ld2VirtualBox'
00:00:00.415079          Installed Drivers:
00:00:00.431787          USBLibInit: USB Service not found
00:00:00.531567          netIfGetBoundAdapters: could not find either 'oracle_VBoxNetLwf' or 'sun_VBoxNetFlt' components (0x1)
00:00:00.552914          HostDnsMonitor::updateInfo
00:00:00.552914          HostDnsMonitor: old information
00:00:00.552914            no server entries
00:00:00.552914            no domain set
00:00:00.552914            no search string entries
00:00:00.552914          HostDnsMonitor: new information
00:00:00.552914            server 1: 192.168.1.1
00:00:00.552914            no domain set
00:00:00.552914            no search string entries
00:00:00.553930          VD: VDInit finished with VINF_SUCCESS
00:00:00.554941          ERROR [COM]: aRC=E_FAIL (0x80004005) aIID={20190809-495e-5a36-8890-29999b5f030c} aComponent={SystemPropertiesWrap} aText={Cannot determine default Guest Additions ISO location. Most likely they are not available}, preserve=false aResultDetail=0
00:00:00.555441          VirtualBox: object created
00:00:00.569872          ERROR [COM]: aRC=VBOX_E_OBJECT_NOT_FOUND (0x80bb0001) aIID={20190809-f1a1-448a-10c5-e12f5285adad} aComponent={VirtualBoxWrap} aText={Could not find a registered machine with UUID {20160302-aaaa-aaaa-1af9-000000000000}}, preserve=false aResultDetail=0
00:00:00.574814          Loading settings file "C:\leidian\LDPlayer4\vms\leidian0\leidian.vbox" with version "1.15-windows"
00:00:00.575920          Saving settings file "C:\Users\86158\.Ld2VirtualBox\VirtualBox.xml" with version "1.12-windows"
00:00:00.579966          ERROR [COM]: aRC=VBOX_E_OBJECT_NOT_FOUND (0x80bb0001) aIID={20190809-a71f-4289-281e-0ca7ad48cd89} aComponent={SessionMachine} aText={Could not find a shared folder named 'Applications'}, preserve=false aResultDetail=0
00:00:00.580430          ERROR [COM]: aRC=VBOX_E_OBJECT_NOT_FOUND (0x80bb0001) aIID={20190809-a71f-4289-281e-0ca7ad48cd89} aComponent={SessionMachine} aText={Could not find a shared folder named 'Bug'}, preserve=false aResultDetail=0
00:00:00.580430          ERROR [COM]: aRC=VBOX_E_OBJECT_NOT_FOUND (0x80bb0001) aIID={20190809-a71f-4289-281e-0ca7ad48cd89} aComponent={SessionMachine} aText={Could not find a shared folder named 'Misc'}, preserve=false aResultDetail=0
00:00:00.580900          ERROR [COM]: aRC=VBOX_E_OBJECT_NOT_FOUND (0x80bb0001) aIID={20190809-a71f-4289-281e-0ca7ad48cd89} aComponent={SessionMachine} aText={Could not find a shared folder named 'Pictures'}, preserve=false aResultDetail=0
00:00:00.602541          netIfGetBoundAdapters: could not find either 'oracle_VBoxNetLwf' or 'sun_VBoxNetFlt' components (0x1)
00:00:00.608351          ERROR [COM]: aRC=E_INVALIDARG (0x80070057) aIID={20190809-44cb-e334-66fa-469a17fd09df} aComponent={NATEngineWrap} aText={A NAT rule for this host port and this host IP already exists}, preserve=false aResultDetail=0
00:00:00.609381          ERROR [COM]: aRC=VBOX_E_OBJECT_NOT_FOUND (0x80bb0001) aIID={20190809-a71f-4289-281e-0ca7ad48cd89} aComponent={SessionMachine} aText={No storage device attached to device slot 0 on port 2 of controller 'SATA'}, preserve=false aResultDetail=0
00:00:00.624331          ERROR [COM]: aRC=E_INVALIDARG (0x80070057) aIID={20190809-44cb-e334-66fa-469a17fd09df} aComponent={NATEngineWrap} aText={A NAT rule for this host port and this host IP already exists}, preserve=false aResultDetail=0
00:00:00.626331          Saving settings file "C:\leidian\LDPlayer4\vms\leidian0\leidian.vbox" with version "1.16-windows"
00:00:00.983384          WARNING [COM]: aRC=E_FAIL (0x80004005) aIID={20190809-4477-787d-60b2-3fa70e56fbbc} aComponent={HostWrap} aText={Could not load the Host USB Proxy Service (VERR_FILE_NOT_FOUND). The service might not be installed on the host computer}, preserve=true  aResultDetail=0
00:01:22.912767          Saving settings file "C:\leidian\LDPlayer4\vms\leidian0\leidian.vbox" with version "1.16-windows"
00:01:27.963701 main     VirtualBox: object deletion starts
00:01:27.963701 main     ERROR [COM]: aRC=VBOX_E_OBJECT_IN_USE (0x80bb000c) aIID={20190809-43e0-e9d0-82e8-ceb307940dda} aComponent={MediumWrap} aText={Medium 'C:\leidian\LDPlayer4\vms\leidian0\system.vmdk' cannot be closed because it is still attached to 1 virtual machines}, preserve=false aResultDetail=0
00:01:27.963701 main     ERROR [COM]: aRC=VBOX_E_OBJECT_IN_USE (0x80bb000c) aIID={20190809-43e0-e9d0-82e8-ceb307940dda} aComponent={MediumWrap} aText={Medium 'C:\leidian\LDPlayer4\vms\leidian0\data.vmdk' cannot be closed because it is still attached to 1 virtual machines}, preserve=false aResultDetail=0
00:01:27.963701 main     ERROR [COM]: aRC=VBOX_E_OBJECT_IN_USE (0x80bb000c) aIID={20190809-43e0-e9d0-82e8-ceb307940dda} aComponent={MediumWrap} aText={Medium 'C:\leidian\LDPlayer4\vms\leidian0\sdcard.vmdk' cannot be closed because it is still attached to 1 virtual machines}, preserve=false aResultDetail=0
00:01:27.963701 Watcher  ERROR [COM]: aRC=E_ACCESSDENIED (0x80070005) aIID={20190809-f1a1-448a-10c5-e12f5285adad} aComponent={VirtualBoxWrap} aText={The object is not ready}, preserve=false aResultDetail=0
00:01:27.963701 main     VirtualBox: object deleted
